c:\users\ohs90011\desktop\openzip\fbxtexturerendersample\fbxtexturerendersample\x64\debug\vc141.pdb
c:\users\ohs90011\desktop\openzip\fbxtexturerendersample\fbxtexturerendersample\x64\debug\vc141.idb
c:\users\ohs90011\desktop\openzip\fbxtexturerendersample\fbxtexturerendersample\x64\debug\window.obj
c:\users\ohs90011\desktop\openzip\fbxtexturerendersample\fbxtexturerendersample\x64\debug\main.obj
c:\users\ohs90011\desktop\openzip\fbxtexturerendersample\fbxtexturerendersample\x64\debug\directgraphics.obj
c:\users\ohs90011\desktop\openzip\fbxtexturerendersample\fbxtexturerendersample\x64\debug\dxtk11lib.obj
c:\users\ohs90011\desktop\openzip\fbxtexturerendersample\fbxtexturerendersample\x64\debug\wictextureloader.obj
c:\users\ohs90011\desktop\openzip\fbxtexturerendersample\fbxtexturerendersample\x64\debug\utility.obj
c:\users\ohs90011\desktop\openzip\fbxtexturerendersample\fbxtexturerendersample\x64\debug\shaderbase.obj
c:\users\ohs90011\desktop\openzip\fbxtexturerendersample\fbxtexturerendersample\x64\debug\fbxmeshfile.obj
c:\users\ohs90011\desktop\openzip\fbxtexturerendersample\fbxtexturerendersample\x64\debug\input.obj
c:\users\ohs90011\desktop\openzip\fbxtexturerendersample\fbxtexturerendersample\x64\debug\gamemathlib.obj
c:\users\ohs90011\desktop\openzip\fbxtexturerendersample\fbxtexturerendersample\x64\debug\effekseerlib.obj
c:\users\ohs90011\desktop\fbxtexturerendersample\fbxtexturerendersample\x64\debug\vc141.pdb
c:\users\ohs90011\desktop\fbxtexturerendersample\fbxtexturerendersample\x64\debug\vc141.idb
c:\users\ohs90011\desktop\fbxtexturerendersample\fbxtexturerendersample\x64\debug\window.obj
c:\users\ohs90011\desktop\fbxtexturerendersample\fbxtexturerendersample\x64\debug\wictextureloader.obj
c:\users\ohs90011\desktop\fbxtexturerendersample\fbxtexturerendersample\x64\debug\utility.obj
c:\users\ohs90011\desktop\fbxtexturerendersample\fbxtexturerendersample\x64\debug\shaderbase.obj
c:\users\ohs90011\desktop\fbxtexturerendersample\fbxtexturerendersample\x64\debug\fbxmeshfile.obj
c:\users\ohs90011\desktop\fbxtexturerendersample\fbxtexturerendersample\x64\debug\main.obj
c:\users\ohs90011\desktop\fbxtexturerendersample\fbxtexturerendersample\x64\debug\input.obj
c:\users\ohs90011\desktop\fbxtexturerendersample\fbxtexturerendersample\x64\debug\gamemathlib.obj
c:\users\ohs90011\desktop\fbxtexturerendersample\fbxtexturerendersample\x64\debug\dxtk11lib.obj
c:\users\ohs90011\desktop\fbxtexturerendersample\fbxtexturerendersample\x64\debug\directgraphics.obj
c:\users\ohs90011\desktop\openzip\fbxtexturerendersample\x64\debug\geometryshader.cso
c:\users\ohs90011\desktop\openzip\fbxtexturerendersample\x64\debug\vertexsvshader.cso
c:\users\ohs90011\desktop\openzip\fbxtexturerendersample\x64\debug\vertexsshader.cso
c:\users\ohs90011\desktop\openzip\fbxtexturerendersample\x64\debug\vertexshader.cso
c:\users\ohs90011\desktop\openzip\fbxtexturerendersample\x64\debug\pixelsshader.cso
c:\users\ohs90011\desktop\openzip\fbxtexturerendersample\x64\debug\geometrysvshader.cso
c:\users\ohs90011\desktop\openzip\fbxtexturerendersample\x64\debug\pixelshader.cso
c:\users\ohs90011\desktop\fbxtexturerendersample\x64\debug\geometrysvshader.cso
c:\users\ohs90011\desktop\fbxtexturerendersample\x64\debug\pixelsshader.cso
c:\users\ohs90011\desktop\fbxtexturerendersample\x64\debug\vertexsshader.cso
c:\users\ohs90011\desktop\fbxtexturerendersample\x64\debug\vertexsvshader.cso
c:\users\ohs90011\desktop\fbxtexturerendersample\x64\debug\geometryshader.cso
c:\users\ohs90011\desktop\fbxtexturerendersample\x64\debug\vertexshader.cso
c:\users\ohs90011\desktop\fbxtexturerendersample\x64\debug\pixelshader.cso
c:\users\ohs90011\desktop\openzip\fbxtexturerendersample\x64\debug\fbxtexturerendersample.exe
c:\users\ohs90011\desktop\openzip\fbxtexturerendersample\x64\debug\fbxtexturerendersample.ilk
c:\users\ohs90011\desktop\openzip\fbxtexturerendersample\x64\debug\fbxtexturerendersample.pdb
c:\users\ohs90011\desktop\fbxtexturerendersample\x64\debug\fbxtexturerendersample.exe
c:\users\ohs90011\desktop\fbxtexturerendersample\x64\debug\fbxtexturerendersample.ilk
c:\users\ohs90011\desktop\fbxtexturerendersample\x64\debug\fbxtexturerendersample.pdb
c:\users\ohs90011\desktop\openzip\fbxtexturerendersample\fbxtexturerendersample\x64\debug\resource.res
c:\users\ohs90011\desktop\fbxtexturerendersample\fbxtexturerendersample\x64\debug\resource.res
c:\users\ohs90011\desktop\fbxtexturerendersample\fbxtexturerendersample\x64\debug\effekseerlib.obj
c:\users\ohs90011\desktop\fbxtexturerendersample\fbxtexturerendersample\x64\debug\game.obj
c:\users\ohs90011\desktop\fbxtexturerendersample\fbxtexturerendersample\x64\debug\fbxmeshfile.new.obj.enc
c:\users\ohs90011\desktop\fbxtexturerendersample\fbxtexturerendersample\x64\debug\input.obj.enc
c:\users\ohs90011\desktop\fbxtexturerendersample\fbxtexturerendersample\x64\debug\main.obj.enc
c:\users\ohs90011\desktop\fbxtexturerendersample\fbxtexturerendersample\x64\debug\fbxtextu.7c2f5299.tlog\cl.command.1.tlog
c:\users\ohs90011\desktop\fbxtexturerendersample\fbxtexturerendersample\x64\debug\fbxtextu.7c2f5299.tlog\cl.read.1.tlog
c:\users\ohs90011\desktop\fbxtexturerendersample\fbxtexturerendersample\x64\debug\fbxtextu.7c2f5299.tlog\cl.write.1.tlog
c:\users\ohs90011\desktop\fbxtexturerendersample\fbxtexturerendersample\x64\debug\fbxtextu.7c2f5299.tlog\fxc.command.1.tlog
c:\users\ohs90011\desktop\fbxtexturerendersample\fbxtexturerendersample\x64\debug\fbxtextu.7c2f5299.tlog\fxc.read.1.tlog
c:\users\ohs90011\desktop\fbxtexturerendersample\fbxtexturerendersample\x64\debug\fbxtextu.7c2f5299.tlog\fxc.write.1.tlog
c:\users\ohs90011\desktop\fbxtexturerendersample\fbxtexturerendersample\x64\debug\fbxtextu.7c2f5299.tlog\link.command.1.tlog
c:\users\ohs90011\desktop\fbxtexturerendersample\fbxtexturerendersample\x64\debug\fbxtextu.7c2f5299.tlog\link.read.1.tlog
c:\users\ohs90011\desktop\fbxtexturerendersample\fbxtexturerendersample\x64\debug\fbxtextu.7c2f5299.tlog\link.write.1.tlog
c:\users\ohs90011\desktop\fbxtexturerendersample\fbxtexturerendersample\x64\debug\fbxtextu.7c2f5299.tlog\rc.command.1.tlog
c:\users\ohs90011\desktop\fbxtexturerendersample\fbxtexturerendersample\x64\debug\fbxtextu.7c2f5299.tlog\rc.read.1.tlog
c:\users\ohs90011\desktop\fbxtexturerendersample\fbxtexturerendersample\x64\debug\fbxtextu.7c2f5299.tlog\rc.write.1.tlog
