  compilation object save succeeded; see C:\Users\ryose\Desktop\DirectX11Lib\OnodaLib\Debug\GeometryShader.cso
  compilation object save succeeded; see C:\Users\ryose\Desktop\DirectX11Lib\OnodaLib\Debug\GeometryShader_CubeMap.cso
C:\Users\ryose\Desktop\DirectX11Lib\OnodaLib\OnodaLib\Src\Shader\PixelShader.hlsl(46,8-55): warning X3206: implicit truncation of vector type
C:\Users\ryose\Desktop\DirectX11Lib\OnodaLib\OnodaLib\Src\Shader\PixelShader.hlsl(62,9-40): warning X3206: implicit truncation of vector type
C:\Users\ryose\Desktop\DirectX11Lib\OnodaLib\OnodaLib\Src\Shader\PixelShader.hlsl(63,9-57): warning X3206: implicit truncation of vector type
  
  compilation object save succeeded; see C:\Users\ryose\Desktop\DirectX11Lib\OnodaLib\Debug\PixelShader.cso
  compilation object save succeeded; see C:\Users\ryose\Desktop\DirectX11Lib\OnodaLib\Debug\PixelShader_CubeMap.cso
  compilation object save succeeded; see C:\Users\ryose\Desktop\DirectX11Lib\OnodaLib\Debug\PixelShader_Edge.cso
  compilation object save succeeded; see C:\Users\ryose\Desktop\DirectX11Lib\OnodaLib\Debug\PixelShader_Enviroment.cso
  compilation object save succeeded; see C:\Users\ryose\Desktop\DirectX11Lib\OnodaLib\Debug\PixelShader_TextureView.cso
C:\Users\ryose\Desktop\DirectX11Lib\OnodaLib\OnodaLib\Src\Shader\VertexShader.hlsl(96,9-40): warning X3206: implicit truncation of vector type
C:\Users\ryose\Desktop\DirectX11Lib\OnodaLib\OnodaLib\Src\Shader\VertexShader.hlsl(99,22-50): warning X3206: 'dot': implicit truncation of vector type
C:\Users\ryose\Desktop\DirectX11Lib\OnodaLib\OnodaLib\Src\Shader\VertexShader.hlsl(150,2-36): warning X3206: implicit truncation of vector type
C:\Users\ryose\Desktop\DirectX11Lib\OnodaLib\OnodaLib\Src\Shader\VertexShader.hlsl(151,2-27): warning X3206: implicit truncation of vector type
  
  compilation object save succeeded; see C:\Users\ryose\Desktop\DirectX11Lib\OnodaLib\Debug\VertexShader.cso
C:\Users\ryose\Desktop\DirectX11Lib\OnodaLib\OnodaLib\Src\Shader\VertexShader_Anime.hlsl(154,9-40): warning X3206: implicit truncation of vector type
C:\Users\ryose\Desktop\DirectX11Lib\OnodaLib\OnodaLib\Src\Shader\VertexShader_Anime.hlsl(157,22-50): warning X3206: 'dot': implicit truncation of vector type
  
  compilation object save succeeded; see C:\Users\ryose\Desktop\DirectX11Lib\OnodaLib\Debug\VertexShader_Anime.cso
C:\Users\ryose\Desktop\DirectX11Lib\OnodaLib\OnodaLib\Src\Shader\VertexShader_CubeMap.hlsl(89,9-40): warning X3206: implicit truncation of vector type
C:\Users\ryose\Desktop\DirectX11Lib\OnodaLib\OnodaLib\Src\Shader\VertexShader_CubeMap.hlsl(92,22-50): warning X3206: 'dot': implicit truncation of vector type
  
  compilation object save succeeded; see C:\Users\ryose\Desktop\DirectX11Lib\OnodaLib\Debug\VertexShader_CubeMap.cso
C:\Users\ryose\Desktop\DirectX11Lib\OnodaLib\OnodaLib\Src\Shader\VertexShader_Edge.hlsl(109,9-40): warning X3206: implicit truncation of vector type
C:\Users\ryose\Desktop\DirectX11Lib\OnodaLib\OnodaLib\Src\Shader\VertexShader_Edge.hlsl(112,22-50): warning X3206: 'dot': implicit truncation of vector type
  
  compilation object save succeeded; see C:\Users\ryose\Desktop\DirectX11Lib\OnodaLib\Debug\VertexShader_Edge.cso
C:\Users\ryose\Desktop\DirectX11Lib\OnodaLib\OnodaLib\Src\Shader\VertexShader_Enviroment_Surface.hlsl(96,9-40): warning X3206: implicit truncation of vector type
C:\Users\ryose\Desktop\DirectX11Lib\OnodaLib\OnodaLib\Src\Shader\VertexShader_Enviroment_Surface.hlsl(99,22-50): warning X3206: 'dot': implicit truncation of vector type
C:\Users\ryose\Desktop\DirectX11Lib\OnodaLib\OnodaLib\Src\Shader\VertexShader_Enviroment_Surface.hlsl(131,2-36): warning X3206: implicit truncation of vector type
C:\Users\ryose\Desktop\DirectX11Lib\OnodaLib\OnodaLib\Src\Shader\VertexShader_Enviroment_Surface.hlsl(132,2-27): warning X3206: implicit truncation of vector type
C:\Users\ryose\Desktop\DirectX11Lib\OnodaLib\OnodaLib\Src\Shader\VertexShader_Enviroment_Surface.hlsl(49,10-23): warning X3578: Output value 'main' is not completely initialized
  
  compilation object save succeeded; see C:\Users\ryose\Desktop\DirectX11Lib\OnodaLib\Debug\VertexShader_Enviroment_Surface.cso
C:\Users\ryose\Desktop\DirectX11Lib\OnodaLib\OnodaLib\Src\Shader\VertexShader_Enviroment_Vertex.hlsl(96,9-40): warning X3206: implicit truncation of vector type
C:\Users\ryose\Desktop\DirectX11Lib\OnodaLib\OnodaLib\Src\Shader\VertexShader_Enviroment_Vertex.hlsl(99,22-50): warning X3206: 'dot': implicit truncation of vector type
C:\Users\ryose\Desktop\DirectX11Lib\OnodaLib\OnodaLib\Src\Shader\VertexShader_Enviroment_Vertex.hlsl(129,2-36): warning X3206: implicit truncation of vector type
C:\Users\ryose\Desktop\DirectX11Lib\OnodaLib\OnodaLib\Src\Shader\VertexShader_Enviroment_Vertex.hlsl(130,2-27): warning X3206: implicit truncation of vector type
C:\Users\ryose\Desktop\DirectX11Lib\OnodaLib\OnodaLib\Src\Shader\VertexShader_Enviroment_Vertex.hlsl(49,10-23): warning X3578: Output value 'main' is not completely initialized
  
  compilation object save succeeded; see C:\Users\ryose\Desktop\DirectX11Lib\OnodaLib\Debug\VertexShader_Enviroment_Vertex.cso
  DirectGraphics.cpp
C:\Users\ryose\Desktop\DirectX11Lib\OnodaLib\OnodaLib\Src\DirectGraphics.cpp(113,35): warning C4244: '=': 'double' から 'float' への変換です。データが失われる可能性があります。
C:\Users\ryose\Desktop\DirectX11Lib\OnodaLib\OnodaLib\Src\DirectGraphics.cpp(172,60): error C2664: 'HWND FindWindowW(LPCWSTR,LPCWSTR)': 引数 1 を 'const char *' から 'LPCWSTR' へ変換できません。
C:\Users\ryose\Desktop\DirectX11Lib\OnodaLib\OnodaLib\Src\DirectGraphics.cpp(172,42): message : 指示された型は関連がありません。変換には reinterpret_cast、C スタイル キャストまたは関数スタイルのキャストが必要です。
C:\Program Files (x86)\Windows Kits\10\Include\10.0.18362.0\um\winuser.h(10049,1): message : 'FindWindowW' の宣言を確認してください
C:\Users\ryose\Desktop\DirectX11Lib\OnodaLib\OnodaLib\Src\DirectGraphics.cpp(187,85): warning C4244: '引数': 'LONG' から 'float' への変換です。データが失われる可能性があります。
C:\Users\ryose\Desktop\DirectX11Lib\OnodaLib\OnodaLib\Src\DirectGraphics.cpp(187,60): warning C4244: '引数': 'LONG' から 'float' への変換です。データが失われる可能性があります。
C:\Users\ryose\Desktop\DirectX11Lib\OnodaLib\OnodaLib\Src\DirectGraphics.cpp(420,60): error C2664: 'HWND FindWindowW(LPCWSTR,LPCWSTR)': 引数 1 を 'const char *' から 'LPCWSTR' へ変換できません。
C:\Users\ryose\Desktop\DirectX11Lib\OnodaLib\OnodaLib\Src\DirectGraphics.cpp(420,42): message : 指示された型は関連がありません。変換には reinterpret_cast、C スタイル キャストまたは関数スタイルのキャストが必要です。
C:\Program Files (x86)\Windows Kits\10\Include\10.0.18362.0\um\winuser.h(10049,1): message : 'FindWindowW' の宣言を確認してください
C:\Users\ryose\Desktop\DirectX11Lib\OnodaLib\OnodaLib\Src\DirectGraphics.cpp(458,60): error C2664: 'HWND FindWindowW(LPCWSTR,LPCWSTR)': 引数 1 を 'const char *' から 'LPCWSTR' へ変換できません。
C:\Users\ryose\Desktop\DirectX11Lib\OnodaLib\OnodaLib\Src\DirectGraphics.cpp(458,42): message : 指示された型は関連がありません。変換には reinterpret_cast、C スタイル キャストまたは関数スタイルのキャストが必要です。
C:\Program Files (x86)\Windows Kits\10\Include\10.0.18362.0\um\winuser.h(10049,1): message : 'FindWindowW' の宣言を確認してください
C:\Users\ryose\Desktop\DirectX11Lib\OnodaLib\OnodaLib\Src\DirectGraphics.cpp(598,60): error C2664: 'HWND FindWindowW(LPCWSTR,LPCWSTR)': 引数 1 を 'const char *' から 'LPCWSTR' へ変換できません。
C:\Users\ryose\Desktop\DirectX11Lib\OnodaLib\OnodaLib\Src\DirectGraphics.cpp(598,42): message : 指示された型は関連がありません。変換には reinterpret_cast、C スタイル キャストまたは関数スタイルのキャストが必要です。
C:\Program Files (x86)\Windows Kits\10\Include\10.0.18362.0\um\winuser.h(10049,1): message : 'FindWindowW' の宣言を確認してください
C:\Users\ryose\Desktop\DirectX11Lib\OnodaLib\OnodaLib\Src\DirectGraphics.cpp(665,60): error C2664: 'HWND FindWindowW(LPCWSTR,LPCWSTR)': 引数 1 を 'const char *' から 'LPCWSTR' へ変換できません。
C:\Users\ryose\Desktop\DirectX11Lib\OnodaLib\OnodaLib\Src\DirectGraphics.cpp(665,42): message : 指示された型は関連がありません。変換には reinterpret_cast、C スタイル キャストまたは関数スタイルのキャストが必要です。
C:\Program Files (x86)\Windows Kits\10\Include\10.0.18362.0\um\winuser.h(10049,1): message : 'FindWindowW' の宣言を確認してください
C:\Users\ryose\Desktop\DirectX11Lib\OnodaLib\OnodaLib\Src\DirectGraphics.cpp(1186,29): warning C4244: '=': 'int' から 'FLOAT' への変換です。データが失われる可能性があります。
C:\Users\ryose\Desktop\DirectX11Lib\OnodaLib\OnodaLib\Src\DirectGraphics.cpp(1187,29): warning C4244: '=': 'int' から 'FLOAT' への変換です。データが失われる可能性があります。
C:\Users\ryose\Desktop\DirectX11Lib\OnodaLib\OnodaLib\Src\DirectGraphics.cpp(1397,35): warning C4244: '=': 'double' から 'float' への変換です。データが失われる可能性があります。
  DirectX11Lib.cpp
C:\Users\ryose\Desktop\DirectX11Lib\OnodaLib\OnodaLib\Src\FbxMeshFile.h(200,50): warning C4305: '引数': 'double' から 'float' へ切り詰めます。
C:\Users\ryose\Desktop\DirectX11Lib\OnodaLib\OnodaLib\Src\DXTK11Lib.h(49,10): warning C4067: プリプロセッサ ディレクティブの後に余分な文字がありました - 改行が必要です
C:\Users\ryose\Desktop\DirectX11Lib\OnodaLib\OnodaLib\Src\DirectX11Lib.cpp(10,60): error C2664: 'HWND FindWindowW(LPCWSTR,LPCWSTR)': 引数 1 を 'const char *' から 'LPCWSTR' へ変換できません。
C:\Users\ryose\Desktop\DirectX11Lib\OnodaLib\OnodaLib\Src\DirectX11Lib.cpp(10,42): message : 指示された型は関連がありません。変換には reinterpret_cast、C スタイル キャストまたは関数スタイルのキャストが必要です。
C:\Program Files (x86)\Windows Kits\10\Include\10.0.18362.0\um\winuser.h(10049,1): message : 'FindWindowW' の宣言を確認してください
C:\Users\ryose\Desktop\DirectX11Lib\OnodaLib\OnodaLib\Src\DirectX11Lib.cpp(10,61): error C2660: 'InitInput': 関数に 1 個の引数を指定できません。
C:\Users\ryose\Desktop\DirectX11Lib\OnodaLib\OnodaLib\Src\input.h(21,9): message : 'InitInput' の宣言を確認してください
  DXTK11Lib.cpp
C:\Users\ryose\Desktop\DirectX11Lib\OnodaLib\OnodaLib\Src\DXTK11Lib.h(49,10): warning C4067: プリプロセッサ ディレクティブの後に余分な文字がありました - 改行が必要です
C:\Users\ryose\Desktop\DirectX11Lib\OnodaLib\OnodaLib\Src\DXTK11Lib.cpp(57,26): warning C4244: '初期化中': 'double' から 'unsigned long' への変換です。データが失われる可能性があります。
C:\Users\ryose\Desktop\DirectX11Lib\OnodaLib\OnodaLib\Src\DXTK11Lib.cpp(58,21): warning C4244: '初期化中': 'double' から 'unsigned long' への変換です。データが失われる可能性があります。
C:\Users\ryose\Desktop\DirectX11Lib\OnodaLib\OnodaLib\Src\DXTK11Lib.cpp(59,24): warning C4244: '初期化中': 'double' から 'unsigned long' への変換です。データが失われる可能性があります。
C:\Users\ryose\Desktop\DirectX11Lib\OnodaLib\OnodaLib\Src\DXTK11Lib.cpp(117,90): warning C4244: '引数': 'UINT' から 'float' への変換です。データが失われる可能性があります。
C:\Users\ryose\Desktop\DirectX11Lib\OnodaLib\OnodaLib\Src\DXTK11Lib.cpp(117,66): warning C4244: '引数': 'UINT' から 'float' への変換です。データが失われる可能性があります。
C:\Users\ryose\Desktop\DirectX11Lib\OnodaLib\OnodaLib\Src\DXTK11Lib.cpp(142,10): warning C4244: '=': 'float' から 'int' への変換です。データが失われる可能性があります。
C:\Users\ryose\Desktop\DirectX11Lib\OnodaLib\OnodaLib\Src\DXTK11Lib.cpp(143,10): warning C4244: '=': 'float' から 'int' への変換です。データが失われる可能性があります。
C:\Users\ryose\Desktop\DirectX11Lib\OnodaLib\OnodaLib\Src\DXTK11Lib.cpp(179,72): warning C4244: '引数': 'int' から 'float' への変換です。データが失われる可能性があります。
C:\Users\ryose\Desktop\DirectX11Lib\OnodaLib\OnodaLib\Src\DXTK11Lib.cpp(179,69): warning C4244: '引数': 'int' から 'float' への変換です。データが失われる可能性があります。
C:\Users\ryose\Desktop\DirectX11Lib\OnodaLib\OnodaLib\Src\DXTK11Lib.cpp(179,156): warning C4244: '引数': 'int' から 'float' への変換です。データが失われる可能性があります。
C:\Users\ryose\Desktop\DirectX11Lib\OnodaLib\OnodaLib\Src\DXTK11Lib.cpp(179,130): warning C4244: '引数': 'double' から 'float' への変換です。データが失われる可能性があります。
C:\Users\ryose\Desktop\DirectX11Lib\OnodaLib\OnodaLib\Src\DXTK11Lib.cpp(183,10): warning C4244: '=': 'float' から 'int' への変換です。データが失われる可能性があります。
C:\Users\ryose\Desktop\DirectX11Lib\OnodaLib\OnodaLib\Src\DXTK11Lib.cpp(184,10): warning C4244: '=': 'float' から 'int' への変換です。データが失われる可能性があります。
C:\Users\ryose\Desktop\DirectX11Lib\OnodaLib\OnodaLib\Src\DXTK11Lib.cpp(230,73): warning C4244: '引数': 'int' から 'float' への変換です。データが失われる可能性があります。
C:\Users\ryose\Desktop\DirectX11Lib\OnodaLib\OnodaLib\Src\DXTK11Lib.cpp(230,70): warning C4244: '引数': 'int' から 'float' への変換です。データが失われる可能性があります。
C:\Users\ryose\Desktop\DirectX11Lib\OnodaLib\OnodaLib\Src\DXTK11Lib.cpp(230,153): warning C4244: '引数': 'int' から 'float' への変換です。データが失われる可能性があります。
C:\Users\ryose\Desktop\DirectX11Lib\OnodaLib\OnodaLib\Src\DXTK11Lib.cpp(230,131): warning C4244: '引数': 'double' から 'float' への変換です。データが失われる可能性があります。
C:\Users\ryose\Desktop\DirectX11Lib\OnodaLib\OnodaLib\Src\DXTK11Lib.cpp(234,73): warning C4244: '引数': 'int' から 'float' への変換です。データが失われる可能性があります。
C:\Users\ryose\Desktop\DirectX11Lib\OnodaLib\OnodaLib\Src\DXTK11Lib.cpp(234,70): warning C4244: '引数': 'int' から 'float' への変換です。データが失われる可能性があります。
C:\Users\ryose\Desktop\DirectX11Lib\OnodaLib\OnodaLib\Src\DXTK11Lib.cpp(234,153): warning C4244: '引数': 'int' から 'float' への変換です。データが失われる可能性があります。
C:\Users\ryose\Desktop\DirectX11Lib\OnodaLib\OnodaLib\Src\DXTK11Lib.cpp(234,131): warning C4244: '引数': 'double' から 'float' への変換です。データが失われる可能性があります。
C:\Users\ryose\Desktop\DirectX11Lib\OnodaLib\OnodaLib\Src\DXTK11Lib.cpp(238,73): warning C4244: '引数': 'int' から 'float' への変換です。データが失われる可能性があります。
C:\Users\ryose\Desktop\DirectX11Lib\OnodaLib\OnodaLib\Src\DXTK11Lib.cpp(238,70): warning C4244: '引数': 'int' から 'float' への変換です。データが失われる可能性があります。
C:\Users\ryose\Desktop\DirectX11Lib\OnodaLib\OnodaLib\Src\DXTK11Lib.cpp(238,153): warning C4244: '引数': 'int' から 'float' への変換です。データが失われる可能性があります。
C:\Users\ryose\Desktop\DirectX11Lib\OnodaLib\OnodaLib\Src\DXTK11Lib.cpp(238,131): warning C4244: '引数': 'double' から 'float' への変換です。データが失われる可能性があります。
C:\Users\ryose\Desktop\DirectX11Lib\OnodaLib\OnodaLib\Src\DXTK11Lib.cpp(242,73): warning C4244: '引数': 'int' から 'float' への変換です。データが失われる可能性があります。
C:\Users\ryose\Desktop\DirectX11Lib\OnodaLib\OnodaLib\Src\DXTK11Lib.cpp(242,70): warning C4244: '引数': 'int' から 'float' への変換です。データが失われる可能性があります。
C:\Users\ryose\Desktop\DirectX11Lib\OnodaLib\OnodaLib\Src\DXTK11Lib.cpp(242,153): warning C4244: '引数': 'int' から 'float' への変換です。データが失われる可能性があります。
C:\Users\ryose\Desktop\DirectX11Lib\OnodaLib\OnodaLib\Src\DXTK11Lib.cpp(242,131): warning C4244: '引数': 'double' から 'float' への変換です。データが失われる可能性があります。
C:\Users\ryose\Desktop\DirectX11Lib\OnodaLib\OnodaLib\Src\DXTK11Lib.cpp(253,13): warning C4244: '=': 'float' から 'int' への変換です。データが失われる可能性があります。
C:\Users\ryose\Desktop\DirectX11Lib\OnodaLib\OnodaLib\Src\DXTK11Lib.cpp(254,13): warning C4244: '=': 'float' から 'int' への変換です。データが失われる可能性があります。
C:\Users\ryose\Desktop\DirectX11Lib\OnodaLib\OnodaLib\Src\DXTK11Lib.cpp(255,13): warning C4244: '=': 'float' から 'int' への変換です。データが失われる可能性があります。
C:\Users\ryose\Desktop\DirectX11Lib\OnodaLib\OnodaLib\Src\DXTK11Lib.cpp(256,13): warning C4244: '=': 'float' から 'int' への変換です。データが失われる可能性があります。
C:\Users\ryose\Desktop\DirectX11Lib\OnodaLib\OnodaLib\Src\DXTK11Lib.cpp(259,13): warning C4244: '=': 'float' から 'int' への変換です。データが失われる可能性があります。
C:\Users\ryose\Desktop\DirectX11Lib\OnodaLib\OnodaLib\Src\DXTK11Lib.cpp(261,13): warning C4244: '=': 'float' から 'int' への変換です。データが失われる可能性があります。
  FbxMeshFile.cpp
C:\Users\ryose\Desktop\DirectX11Lib\OnodaLib\OnodaLib\Src\FbxMeshFile.h(200,50): warning C4305: '引数': 'double' から 'float' へ切り詰めます。
C:\Users\ryose\Desktop\DirectX11Lib\OnodaLib\OnodaLib\Src\FbxMeshFile.cpp(555,118): warning C4244: '引数': 'T' から 'float' への変換です。データが失われる可能性があります。
          with
          [
              T=fbxsdk::FbxDouble
          ]
C:\Users\ryose\Desktop\DirectX11Lib\OnodaLib\OnodaLib\Src\FbxMeshFile.cpp(555,89): warning C4244: '引数': 'T' から 'float' への変換です。データが失われる可能性があります。
          with
          [
              T=fbxsdk::FbxDouble
          ]
C:\Users\ryose\Desktop\DirectX11Lib\OnodaLib\OnodaLib\Src\FbxMeshFile.cpp(555,60): warning C4244: '引数': 'T' から 'float' への変換です。データが失われる可能性があります。
          with
          [
              T=fbxsdk::FbxDouble
          ]
C:\Users\ryose\Desktop\DirectX11Lib\OnodaLib\OnodaLib\Src\FbxMeshFile.cpp(555,31): warning C4244: '引数': 'T' から 'float' への変換です。データが失われる可能性があります。
          with
          [
              T=fbxsdk::FbxDouble
          ]
C:\Users\ryose\Desktop\DirectX11Lib\OnodaLib\OnodaLib\Src\FbxMeshFile.cpp(553,118): warning C4244: '引数': 'T' から 'float' への変換です。データが失われる可能性があります。
          with
          [
              T=fbxsdk::FbxDouble
          ]
C:\Users\ryose\Desktop\DirectX11Lib\OnodaLib\OnodaLib\Src\FbxMeshFile.cpp(553,89): warning C4244: '引数': 'T' から 'float' への変換です。データが失われる可能性があります。
          with
          [
              T=fbxsdk::FbxDouble
          ]
C:\Users\ryose\Desktop\DirectX11Lib\OnodaLib\OnodaLib\Src\FbxMeshFile.cpp(553,60): warning C4244: '引数': 'T' から 'float' への変換です。データが失われる可能性があります。
          with
          [
              T=fbxsdk::FbxDouble
          ]
C:\Users\ryose\Desktop\DirectX11Lib\OnodaLib\OnodaLib\Src\FbxMeshFile.cpp(553,31): warning C4244: '引数': 'T' から 'float' への変換です。データが失われる可能性があります。
          with
          [
              T=fbxsdk::FbxDouble
          ]
C:\Users\ryose\Desktop\DirectX11Lib\OnodaLib\OnodaLib\Src\FbxMeshFile.cpp(551,118): warning C4244: '引数': 'T' から 'float' への変換です。データが失われる可能性があります。
          with
          [
              T=fbxsdk::FbxDouble
          ]
C:\Users\ryose\Desktop\DirectX11Lib\OnodaLib\OnodaLib\Src\FbxMeshFile.cpp(551,89): warning C4244: '引数': 'T' から 'float' への変換です。データが失われる可能性があります。
          with
          [
              T=fbxsdk::FbxDouble
          ]
C:\Users\ryose\Desktop\DirectX11Lib\OnodaLib\OnodaLib\Src\FbxMeshFile.cpp(551,60): warning C4244: '引数': 'T' から 'float' への変換です。データが失われる可能性があります。
          with
          [
              T=fbxsdk::FbxDouble
          ]
C:\Users\ryose\Desktop\DirectX11Lib\OnodaLib\OnodaLib\Src\FbxMeshFile.cpp(551,31): warning C4244: '引数': 'T' から 'float' への変換です。データが失われる可能性があります。
          with
          [
              T=fbxsdk::FbxDouble
          ]
C:\Users\ryose\Desktop\DirectX11Lib\OnodaLib\OnodaLib\Src\FbxMeshFile.cpp(549,118): warning C4244: '引数': 'T' から 'float' への変換です。データが失われる可能性があります。
          with
          [
              T=fbxsdk::FbxDouble
          ]
C:\Users\ryose\Desktop\DirectX11Lib\OnodaLib\OnodaLib\Src\FbxMeshFile.cpp(549,89): warning C4244: '引数': 'T' から 'float' への変換です。データが失われる可能性があります。
          with
          [
              T=fbxsdk::FbxDouble
          ]
C:\Users\ryose\Desktop\DirectX11Lib\OnodaLib\OnodaLib\Src\FbxMeshFile.cpp(549,60): warning C4244: '引数': 'T' から 'float' への変換です。データが失われる可能性があります。
          with
          [
              T=fbxsdk::FbxDouble
          ]
C:\Users\ryose\Desktop\DirectX11Lib\OnodaLib\OnodaLib\Src\FbxMeshFile.cpp(549,31): warning C4244: '引数': 'T' から 'float' への変換です。データが失われる可能性があります。
          with
          [
              T=fbxsdk::FbxDouble
          ]
C:\Users\ryose\Desktop\DirectX11Lib\OnodaLib\OnodaLib\Src\FbxMeshFile.cpp(570,39): warning C4244: '引数': 'float' から 'const int' への変換です。データが失われる可能性があります。
C:\Users\ryose\Desktop\DirectX11Lib\OnodaLib\OnodaLib\Src\FbxMeshFile.cpp(659,71): warning C4244: '=': 'double' から 'float' への変換です。データが失われる可能性があります。
  GameManager.cpp
C:\Users\ryose\Desktop\DirectX11Lib\OnodaLib\OnodaLib\Src\FbxMeshFile.h(200,50): warning C4305: '引数': 'double' から 'float' へ切り詰めます。
C:\Users\ryose\Desktop\DirectX11Lib\OnodaLib\OnodaLib\Src\DXTK11Lib.h(49,10): warning C4067: プリプロセッサ ディレクティブの後に余分な文字がありました - 改行が必要です
  GameMathLib.cpp
C:\Users\ryose\Desktop\DirectX11Lib\OnodaLib\OnodaLib\Src\GameMathLib.cpp(48,15): warning C4244: 'return': 'int' から 'float' への変換です。データが失われる可能性があります。
C:\Users\ryose\Desktop\DirectX11Lib\OnodaLib\OnodaLib\Src\GameMathLib.cpp(54,13): warning C4244: '初期化中': 'double' から 'float' への変換です。データが失われる可能性があります。
C:\Users\ryose\Desktop\DirectX11Lib\OnodaLib\OnodaLib\Src\GameMathLib.cpp(86,21): warning C4244: '初期化中': 'int' から 'float' への変換です。データが失われる可能性があります。
C:\Users\ryose\Desktop\DirectX11Lib\OnodaLib\OnodaLib\Src\GameMathLib.cpp(87,21): warning C4244: '初期化中': 'int' から 'float' への変換です。データが失われる可能性があります。
C:\Users\ryose\Desktop\DirectX11Lib\OnodaLib\OnodaLib\Src\GameMathLib.cpp(91,15): warning C4244: '初期化中': 'double' から 'float' への変換です。データが失われる可能性があります。
C:\Users\ryose\Desktop\DirectX11Lib\OnodaLib\OnodaLib\Src\GameMathLib.cpp(92,9): warning C4101: 'returnAngle': ローカル変数は 1 度も使われていません。
C:\Users\ryose\Desktop\DirectX11Lib\OnodaLib\OnodaLib\Src\GameMathLib.cpp(140,17): warning C4244: '=': 'int' から 'float' への変換です。データが失われる可能性があります。
C:\Users\ryose\Desktop\DirectX11Lib\OnodaLib\OnodaLib\Src\GameMathLib.cpp(141,17): warning C4244: '=': 'int' から 'float' への変換です。データが失われる可能性があります。
C:\Users\ryose\Desktop\DirectX11Lib\OnodaLib\OnodaLib\Src\GameMathLib.cpp(147,13): warning C4244: 'return': 'double' から 'float' への変換です。データが失われる可能性があります。
C:\Users\ryose\Desktop\DirectX11Lib\OnodaLib\OnodaLib\Src\GameMathLib.cpp(151,14): warning C4244: 'return': 'double' から 'float' への変換です。データが失われる可能性があります。
C:\Users\ryose\Desktop\DirectX11Lib\OnodaLib\OnodaLib\Src\GameMathLib.cpp(154,14): warning C4244: 'return': 'double' から 'float' への変換です。データが失われる可能性があります。
C:\Users\ryose\Desktop\DirectX11Lib\OnodaLib\OnodaLib\Src\GameMathLib.cpp(357,8): warning C4101: 'rect': ローカル変数は 1 度も使われていません。
  input.cpp
  Main.cpp
C:\Users\ryose\Desktop\DirectX11Lib\OnodaLib\OnodaLib\Src\Main.cpp(1,25): warning C4083: ')' が必要です。識別子 'C26812' が見つかりました。
C:\Users\ryose\Desktop\DirectX11Lib\OnodaLib\OnodaLib\Src\Main.cpp(2,25): warning C4083: ')' が必要です。識別子 'C4067' が見つかりました。
C:\Users\ryose\Desktop\DirectX11Lib\OnodaLib\OnodaLib\Src\FbxMeshFile.h(200,50): warning C4305: '引数': 'double' から 'float' へ切り詰めます。
C:\Users\ryose\Desktop\DirectX11Lib\OnodaLib\OnodaLib\Src\DXTK11Lib.h(49,10): warning C4067: プリプロセッサ ディレクティブの後に余分な文字がありました - 改行が必要です
C:\Users\ryose\Desktop\DirectX11Lib\OnodaLib\OnodaLib\Src\Main.cpp(38,34): warning C4244: '引数': 'double' から 'float' への変換です。データが失われる可能性があります。
C:\Users\ryose\Desktop\DirectX11Lib\OnodaLib\OnodaLib\Src\Main.cpp(170,25): warning C4305: '引数': 'double' から 'float' へ切り詰めます。
C:\Users\ryose\Desktop\DirectX11Lib\OnodaLib\OnodaLib\Src\Main.cpp(171,27): warning C4305: '引数': 'double' から 'float' へ切り詰めます。
  ShaderBase.cpp
  Utility.cpp
  WICTextureLoader.cpp
  Window.cpp
C:\Users\ryose\Desktop\DirectX11Lib\OnodaLib\OnodaLib\Src\Window.cpp(19,69): error C2664: 'UINT DragQueryFileW(HDROP,UINT,LPWSTR,UINT)': 引数 3 を 'char [512]' から 'LPWSTR' へ変換できません。
C:\Users\ryose\Desktop\DirectX11Lib\OnodaLib\OnodaLib\Src\Window.cpp(19,27): message : 指示された型は関連がありません。変換には reinterpret_cast、C スタイル キャストまたは関数スタイルのキャストが必要です。
C:\Program Files (x86)\Windows Kits\10\Include\10.0.18362.0\um\shellapi.h(75,17): message : 'DragQueryFileW' の宣言を確認してください
C:\Users\ryose\Desktop\DirectX11Lib\OnodaLib\OnodaLib\Src\Window.cpp(39,19): error C2664: 'HWND CreateWindowExW(DWORD,LPCWSTR,LPCWSTR,DWORD,int,int,int,int,HWND,HMENU,HINSTANCE,LPVOID)': 引数 2 を 'const char *' から 'LPCWSTR' へ変換できません。
C:\Users\ryose\Desktop\DirectX11Lib\OnodaLib\OnodaLib\Src\Window.cpp(42,12): message : 指示された型は関連がありません。変換には reinterpret_cast、C スタイル キャストまたは関数スタイルのキャストが必要です。
C:\Program Files (x86)\Windows Kits\10\Include\10.0.18362.0\um\winuser.h(4436,1): message : 'CreateWindowExW' の宣言を確認してください
C:\Users\ryose\Desktop\DirectX11Lib\OnodaLib\OnodaLib\Src\Window.cpp(56,19): error C2664: 'HWND CreateWindowExW(DWORD,LPCWSTR,LPCWSTR,DWORD,int,int,int,int,HWND,HMENU,HINSTANCE,LPVOID)': 引数 2 を 'const char *' から 'LPCWSTR' へ変換できません。
C:\Users\ryose\Desktop\DirectX11Lib\OnodaLib\OnodaLib\Src\Window.cpp(59,12): message : 指示された型は関連がありません。変換には reinterpret_cast、C スタイル キャストまたは関数スタイルのキャストが必要です。
C:\Program Files (x86)\Windows Kits\10\Include\10.0.18362.0\um\winuser.h(4436,1): message : 'CreateWindowExW' の宣言を確認してください
  コードを生成中...
